d:\sem5\ppd1\exam\numereprime\numereprime\debug\numereprime.pch
d:\sem5\ppd1\exam\numereprime\numereprime\debug\vc141.pdb
d:\sem5\ppd1\exam\numereprime\numereprime\debug\vc141.idb
d:\sem5\ppd1\exam\numereprime\numereprime\debug\pch.obj
d:\sem5\ppd1\exam\numereprime\numereprime\debug\numereprime.obj
d:\sem5\ppd1\exam\numereprime\numereprime\debug\inmultirematrici.obj
d:\sem5\ppd1\exam\numereprime\numereprime\debug\coloringproblem.obj
d:\sem5\ppd1\exam\numereprime\numereprime\debug\produsscalarbalansat.obj
d:\sem5\ppd1\exam\numereprime\numereprime\debug\bignumbersmultiplication.obj
d:\sem5\ppd1\exam\numereprime\numereprime\debug\vector_sum_thread_poll.obj
d:\sem5\ppd1\exam\numereprime\numereprime\debug\vector_pointwise_sum.obj
d:\sem5\ppd1\exam\numereprime\numereprime\debug\vector_all_sum.obj
d:\sem5\ppd1\exam\numereprime\numereprime\debug\subset_sum_async.obj
d:\sem5\ppd1\exam\numereprime\numereprime\debug\simple_scalar_product.obj
d:\sem5\ppd1\exam\numereprime\numereprime\debug\quick_sort.obj
d:\sem5\ppd1\exam\numereprime\numereprime\debug\primes.obj
d:\sem5\ppd1\exam\numereprime\numereprime\debug\prefixsum.obj
d:\sem5\ppd1\exam\numereprime\numereprime\debug\polynom_mult.obj
d:\sem5\ppd1\exam\numereprime\numereprime\debug\permutation.obj
d:\sem5\ppd1\exam\numereprime\numereprime\debug\n_th_pow_matrix.obj
d:\sem5\ppd1\exam\numereprime\numereprime\debug\n_queens.obj
d:\sem5\ppd1\exam\numereprime\numereprime\debug\merge_sort_part2.obj
d:\sem5\ppd1\exam\numereprime\numereprime\debug\merge_sort.obj
d:\sem5\ppd1\exam\numereprime\numereprime\debug\knapsack.obj
d:\sem5\ppd1\exam\numereprime\numereprime\debug\hamiltonian.obj
d:\sem5\ppd1\exam\numereprime\numereprime\debug\eratostehenes.obj
d:\sem5\ppd1\exam\numereprime\numereprime\debug\convolution.obj
d:\sem5\ppd1\exam\numereprime\numereprime\debug\comb_subsets.obj
d:\sem5\ppd1\exam\numereprime\debug\numereprime.exe
d:\sem5\ppd1\exam\numereprime\debug\numereprime.ilk
d:\sem5\ppd1\exam\numereprime\debug\numereprime.pdb
d:\sem5\ppd1\exam\numereprime\numereprime\debug\numereprime.tlog\cl.command.1.tlog
d:\sem5\ppd1\exam\numereprime\numereprime\debug\numereprime.tlog\cl.read.1.tlog
d:\sem5\ppd1\exam\numereprime\numereprime\debug\numereprime.tlog\cl.write.1.tlog
d:\sem5\ppd1\exam\numereprime\numereprime\debug\numereprime.tlog\link.command.1.tlog
d:\sem5\ppd1\exam\numereprime\numereprime\debug\numereprime.tlog\link.read.1.tlog
d:\sem5\ppd1\exam\numereprime\numereprime\debug\numereprime.tlog\link.write.1.tlog
